Flutter crash report.
Please report a bug at https://github.com/flutter/flutter/issues.

## command

flutter debug_adapter

## exception

FileSystemException: FileSystemException: writeFrom failed, path = '' (OS Error: The pipe is being closed.
, errno = 232)

```
#0      _checkForErrorResponse (dart:io/common.dart:55:9)
#1      _RandomAccessFile.writeFrom.<anonymous closure> (dart:io/file_impl.dart:885:7)
#2      _rootRunUnary (dart:async/zone.dart:1407:47)
<asynchronous suspension>
#3      _FileStreamConsumer.addStream.<anonymous closure>.<anonymous closure>.<anonymous closure> (dart:io/file_impl.dart:218:21)
<asynchronous suspension>
```

## flutter doctor

```
[✓] Flutter (Channel stable, 3.22.2, on Microsoft Windows [Version 10.0.19045.4651], locale en-US)
    • Flutter version 3.22.2 on channel stable at C:\src\Flutters\flutter
    • Upstream repository https://github.com/flutter/flutter.git
    • Framework revision 761747bfc5 (5 weeks ago), 2024-06-05 22:15:13 +0200
    • Engine revision edd8546116
    • Dart version 3.4.3
    • DevTools version 2.34.3

[✓] Windows Version (Installed version of Windows is version 10 or higher)

[✗] Android toolchain - develop for Android devices
    ✗ Unable to locate Android SDK.
      Install Android Studio from: https://developer.android.com/studio/index.html
      On first launch it will assist you in installing the Android SDK components.
      (or visit https://flutter.dev/docs/get-started/install/windows#android-setup for detailed instructions).
      If the Android SDK has been installed to a custom location, please use
      `flutter config --android-sdk` to update to that location.


[✓] Chrome - develop for the web
    • Chrome at C:\Program Files\Google\Chrome\Application\chrome.exe

[!] Visual Studio - develop Windows apps (Visual Studio Professional 2022 17.8.6)
    • Visual Studio at C:\Program Files\Microsoft Visual Studio\2022\Professional
    • Visual Studio Professional 2022 version 17.8.34525.116
    ✗ Visual Studio is missing necessary components. Please re-run the Visual Studio installer for the "Desktop development with C++" workload, and include these components:
        MSVC v142 - VS 2019 C++ x64/x86 build tools
         - If there are multiple build tool versions available, install the latest
        C++ CMake tools for Windows
        Windows 10 SDK

[!] Android Studio (not installed)
    • Android Studio not found; download from https://developer.android.com/studio/index.html
      (or visit https://flutter.dev/docs/get-started/install/windows#android-setup for detailed instructions).

[✓] VS Code (version 1.91.1)
    • VS Code at C:\Users\cando\AppData\Local\Programs\Microsoft VS Code
    • Flutter extension version 3.92.0

[✓] Connected device (3 available)
    • Windows (desktop) • windows • windows-x64    • Microsoft Windows [Version 10.0.19045.4651]
    • Chrome (web)      • chrome  • web-javascript • Google Chrome 126.0.6478.127
    • Edge (web)        • edge    • web-javascript • Microsoft Edge 126.0.2592.87

[✓] Network resources
    • All expected network resources are available.

! Doctor found issues in 3 categories.
```
